生成启动时间为 2011-3-25 13:40:51。
     1>项目“E:\project\VC++\WdyNsis\WdyNsis\WdyNsis.vcxproj”在节点 2 上(rebuild 个目标)。
     1>PrepareForBuild:
         正在创建目录“E:\project\VC++\WdyNsis\Debug\”。
       InitializeBuildStatus:
         正在创建“Debug\WdyNsis.unsuccessfulbuild”，因为已指定“AlwaysCreate”。
       ClCompile:
         D:\Program Files\Microsoft Visual Studio 10.0\VC\bin\CL.exe /c /ZI /nologo /W3 /WX- /Od /Oy- /D WIN32 /D _DEBUG /D _WINDOWS /D _USRDLL /D WDYNSIS_EXPORTS /D _WINDLL /D _UNICODE /D UNICODE /Gm /EHsc /RTC1 /MDd /GS /fp:precise /Zc:wchar_t /Zc:forScope /Yc"StdAfx.h" /Fp"Debug\WdyNsis.pch" /Fo"Debug\\" /Fd"Debug\vc100.pdb" /Gd /TP /analyze- /errorReport:prompt stdafx.cpp
         stdafx.cpp
         D:\Program Files\Microsoft Visual Studio 10.0\VC\bin\CL.exe /c /ZI /nologo /W3 /WX- /Od /Oy- /D WIN32 /D _DEBUG /D _WINDOWS /D _USRDLL /D WDYNSIS_EXPORTS /D _WINDLL /D _UNICODE /D UNICODE /Gm /EHsc /RTC1 /MDd /GS /fp:precise /Zc:wchar_t /Zc:forScope /Fo"Debug\\" /Fd"Debug\vc100.pdb" /Gd /TP /analyze- /errorReport:prompt dllmain.cpp
         dllmain.cpp
         D:\Program Files\Microsoft Visual Studio 10.0\VC\bin\CL.exe /c /ZI /nologo /W3 /WX- /Od /Oy- /D WIN32 /D _DEBUG /D _WINDOWS /D _USRDLL /D WDYNSIS_EXPORTS /D _WINDLL /D _UNICODE /D UNICODE /Gm /EHsc /RTC1 /MDd /GS /fp:precise /Zc:wchar_t /Zc:forScope /Yu"StdAfx.h" /Fp"Debug\WdyNsis.pch" /Fo"Debug\\" /Fd"Debug\vc100.pdb" /Gd /TP /analyze- /errorReport:prompt WdyNsis.cpp
         WdyNsis.cpp
       ManifestResourceCompile:
         C:\Program Files\Microsoft SDKs\Windows\v7.0A\bin\rc.exe /nologo /fo"Debug\WdyNsis.dll.embed.manifest.res" Debug\WdyNsis_manifest.rc 
       Link:
         D:\Program Files\Microsoft Visual Studio 10.0\VC\bin\link.exe /ERRORREPORT:PROMPT /OUT:"E:\project\VC++\WdyNsis\Debug\WdyNsis.dll" /INCREMENTAL /NOLOGO kernel32.lib user32.lib gdi32.lib winspool.lib comdlg32.lib advapi32.lib shell32.lib ole32.lib oleaut32.lib uuid.lib odbc32.lib odbccp32.lib /DEF:"WdyNsis.def" /MANIFEST /ManifestFile:"Debug\WdyNsis.dll.intermediate.manifest" /MANIFESTUAC:"level='asInvoker' uiAccess='false'" /DEBUG /PDB:"E:\project\VC++\WdyNsis\Debug\WdyNsis.pdb" /SUBSYSTEM:WINDOWS /TLBID:1 /DYNAMICBASE /NXCOMPAT /IMPLIB:"E:\project\VC++\WdyNsis\Debug\WdyNsis.lib" /MACHINE:X86 /DLL Debug\WdyNsis.dll.embed.manifest.res
         Debug\dllmain.obj
         Debug\stdafx.obj
         Debug\WdyNsis.obj
            正在创建库 E:\project\VC++\WdyNsis\Debug\WdyNsis.lib 和对象 E:\project\VC++\WdyNsis\Debug\WdyNsis.exp
     1>C:\Program Files\MSBuild\Microsoft.Cpp\v4.0\Platforms\Win32\Microsoft.Cpp.Win32.Targets(275,5): error MSB6006: “link.exe”已退出，代码为 1120。
     1>WdyNsis.obj : error LNK2019: 无法解析的外部符号 _GetFileVersionInfoW@16，该符号在函数 "int __cdecl WriteVesion(wchar_t const *,wchar_t const *,wchar_t const *)" (?WriteVesion@@YAHPB_W00@Z) 中被引用
     1>WdyNsis.obj : error LNK2019: 无法解析的外部符号 _GetFileVersionInfoSizeW@8，该符号在函数 "int __cdecl WriteVesion(wchar_t const *,wchar_t const *,wchar_t const *)" (?WriteVesion@@YAHPB_W00@Z) 中被引用
     1>E:\project\VC++\WdyNsis\Debug\WdyNsis.dll : fatal error LNK1120: 2 个无法解析的外部命令
     1>已完成生成项目“E:\project\VC++\WdyNsis\WdyNsis\WdyNsis.vcxproj”(rebuild 个目标)的操作 - 失败。

生成失败。

已用时间 00:00:05.37
